FAILED
STDOUT:
vite v5.4.19 building for production...
transforming...
✓ 3 modules transformed.


STDERR:
x Build failed in 417ms
error during build:
[vite]: Rollup failed to resolve import "react-loading-skeleton/dist/skeleton.css" from "C:/Users/aveen/OneDrive/Desktop/academia-connect/frontend/src/main.jsx".
This is most likely unintended because it can break your application at runtime.
If you do want to externalize this module explicitly add it to
`build.rollupOptions.external`
    at viteWarn (file:///C:/Users/aveen/OneDrive/Desktop/academia-connect/frontend/node_modules/vite/dist/node/chunks/dep-C6uTJdX2.js:65839:17)
    at onwarn (file:///C:/Users/aveen/OneDrive/Desktop/academia-connect/frontend/node_modules/@vitejs/plugin-react-swc/index.js:90:7)
    at onRollupWarning (file:///C:/Users/aveen/OneDrive/Desktop/academia-connect/frontend/node_modules/vite/dist/node/chunks/dep-C6uTJdX2.js:65869:5)
    at onwarn (file:///C:/Users/aveen/OneDrive/Desktop/academia-connect/frontend/node_modules/vite/dist/node/chunks/dep-C6uTJdX2.js:65534:7)
    at file:///C:/Users/aveen/OneDrive/Desktop/academia-connect/frontend/node_modules/rollup/dist/es/shared/node-entry.js:19393:13
    at Object.logger [as onLog] (file:///C:/Users/aveen/OneDrive/Desktop/academia-connect/frontend/node_modules/rollup/dist/es/shared/node-entry.js:21119:9)
    at ModuleLoader.handleInvalidResolvedId (file:///C:/Users/aveen/OneDrive/Desktop/academia-connect/frontend/node_modules/rollup/dist/es/shared/node-entry.js:20008:26)
    at file:///C:/Users/aveen/OneDrive/Desktop/academia-connect/frontend/node_modules/rollup/dist/es/shared/node-entry.js:19966:26
